Build started 09/28/2016 11:11:19 PM.
     1>Project "C:\Users\ENIAK\Documents\Visual Studio 2015\Projects\Level 9\GroupB\B. (Perpetual American Options)\B. (Perpetual American Options)\B. (Perpetual American Options).vcxproj" on node 2 (Build target(s)).
     1>ClCompile:
         C:\Program Files (x86)\Microsoft Visual Studio 14.0\VC\bin\x86_amd64\CL.exe /c /IC:\Boost /ZI /nologo /W3 /WX- /Od /D _DEBUG /D _CONSOLE /D _UNICODE /D UNICODE /Gm /EHsc /RTC1 /MDd /GS /fp:precise /Zc:wchar_t /Zc:forScope /Zc:inline /Fo"x64\Debug\\" /Fd"x64\Debug\vc140.pdb" /Gd /TP /errorReport:prompt AmericanOption.cpp AmericanOptionCall.cpp AmericanOptionPut.cpp Main.cpp
         Main.cpp
     1>c:\users\eniak\documents\visual studio 2015\projects\level 9\groupb\b. (perpetual american options)\b. (perpetual american options)\main.cpp(24): warning C4244: 'argument': conversion from 'double' to 'int', possible loss of data
     1>c:\users\eniak\documents\visual studio 2015\projects\level 9\groupb\b. (perpetual american options)\b. (perpetual american options)\main.cpp(31): warning C4244: 'argument': conversion from 'double' to 'int', possible loss of data
         AmericanOptionPut.cpp
         AmericanOptionCall.cpp
         AmericanOption.cpp
     1>c:\program files (x86)\microsoft visual studio 14.0\vc\include\xutility(2811): warning C4996: 'std::_Fill_n': Function call with parameters that may be unsafe - this call relies on the caller to check that the passed values are correct. To disable this warning, use -D_SCL_SECURE_NO_WARNINGS. See documentation on how to use Visual C++ 'Checked Iterators'
         c:\program files (x86)\microsoft visual studio 14.0\vc\include\xutility(2797): note: see declaration of 'std::_Fill_n'
         c:\boost\boost\random\detail\polynomial.hpp(114): note: see reference to function template instantiation '_OutIt std::fill_n<boost::random::detail::polynomial_ops::digit_t*,size_t,boost::random::detail::polynomial_ops::digit_t>(_OutIt,_Diff,const _Ty &)' being compiled
                 with
                 [
                     _OutIt=boost::random::detail::polynomial_ops::digit_t *,
                     _Diff=size_t,
                     _Ty=boost::random::detail::polynomial_ops::digit_t
                 ]
         Generating Code...
       Link:
         C:\Program Files (x86)\Microsoft Visual Studio 14.0\VC\bin\x86_amd64\link.exe /ERRORREPORT:PROMPT /OUT:"C:\Users\ENIAK\Documents\Visual Studio 2015\Projects\Level 9\GroupB\B. (Perpetual American Options)\x64\Debug\B. (Perpetual American Options).exe" /INCREMENTAL /NOLOGO kernel32.lib user32.lib gdi32.lib winspool.lib comdlg32.lib advapi32.lib shell32.lib ole32.lib oleaut32.lib uuid.lib odbc32.lib odbccp32.lib /MANIFEST /MANIFESTUAC:"level='asInvoker' uiAccess='false'" /manifest:embed /Debug /PDB:"C:\Users\ENIAK\Documents\Visual Studio 2015\Projects\Level 9\GroupB\B. (Perpetual American Options)\x64\Debug\B. (Perpetual American Options).pdb" /SUBSYSTEM:CONSOLE /TLBID:1 /DYNAMICBASE /NXCOMPAT /IMPLIB:"C:\Users\ENIAK\Documents\Visual Studio 2015\Projects\Level 9\GroupB\B. (Perpetual American Options)\x64\Debug\B. (Perpetual American Options).lib" /MACHINE:X64 x64\Debug\AmericanOption.obj
         x64\Debug\AmericanOptionCall.obj
         x64\Debug\AmericanOptionPut.obj
         x64\Debug\Main.obj
         B. (Perpetual American Options).vcxproj -> C:\Users\ENIAK\Documents\Visual Studio 2015\Projects\Level 9\GroupB\B. (Perpetual American Options)\x64\Debug\B. (Perpetual American Options).exe
     1>Done Building Project "C:\Users\ENIAK\Documents\Visual Studio 2015\Projects\Level 9\GroupB\B. (Perpetual American Options)\B. (Perpetual American Options)\B. (Perpetual American Options).vcxproj" (Build target(s)).

Build succeeded.

Time Elapsed 00:00:04.75
