Build started 02/14/2016 5:13:31 PM.
     1>Project "C:\Users\ENIAK\Documents\Visual Studio 2015\Projects\Level 9\GroupB\B. (Perpetual American Options)\B. (Perpetual American Options)\B. (Perpetual American Options).vcxproj" on node 2 (Build target(s)).
     1>ClCompile:
         C:\Program Files (x86)\Microsoft Visual Studio 14.0\VC\bin\CL.exe /c /IC:\Boost /ZI /nologo /W3 /WX- /Od /Oy- /D WIN32 /D _DEBUG /D _CONSOLE /D _UNICODE /D UNICODE /Gm /EHsc /RTC1 /MDd /GS /fp:precise /Zc:wchar_t /Zc:forScope /Zc:inline /Fo"Debug\\" /Fd"Debug\vc140.pdb" /Gd /TP /analyze- /errorReport:prompt AmericanOption.cpp
         AmericanOption.cpp
     1>c:\program files (x86)\microsoft visual studio 14.0\vc\include\xutility(2811): warning C4996: 'std::_Fill_n': Function call with parameters that may be unsafe - this call relies on the caller to check that the passed values are correct. To disable this warning, use -D_SCL_SECURE_NO_WARNINGS. See documentation on how to use Visual C++ 'Checked Iterators'
         c:\program files (x86)\microsoft visual studio 14.0\vc\include\xutility(2797): note: see declaration of 'std::_Fill_n'
         c:\boost\boost\random\detail\polynomial.hpp(114): note: see reference to function template instantiation '_OutIt std::fill_n<boost::random::detail::polynomial_ops::digit_t*,size_t,boost::random::detail::polynomial_ops::digit_t>(_OutIt,_Diff,const _Ty &)' being compiled
                 with
                 [
                     _OutIt=boost::random::detail::polynomial_ops::digit_t *,
                     _Diff=size_t,
                     _Ty=boost::random::detail::polynomial_ops::digit_t
                 ]
       Link:
         C:\Program Files (x86)\Microsoft Visual Studio 14.0\VC\bin\link.exe /ERRORREPORT:PROMPT /OUT:"C:\Users\ENIAK\Documents\Visual Studio 2015\Projects\Level 9\GroupB\B. (Perpetual American Options)\Debug\B. (Perpetual American Options).exe" /INCREMENTAL /NOLOGO /LIBPATH:C:\Boost\libs kernel32.lib user32.lib gdi32.lib winspool.lib comdlg32.lib advapi32.lib shell32.lib ole32.lib oleaut32.lib uuid.lib odbc32.lib odbccp32.lib /MANIFEST /MANIFESTUAC:"level='asInvoker' uiAccess='false'" /manifest:embed /Debug /PDB:"C:\Users\ENIAK\Documents\Visual Studio 2015\Projects\Level 9\GroupB\B. (Perpetual American Options)\Debug\B. (Perpetual American Options).pdb" /SUBSYSTEM:CONSOLE /TLBID:1 /DYNAMICBASE /NXCOMPAT /IMPLIB:"C:\Users\ENIAK\Documents\Visual Studio 2015\Projects\Level 9\GroupB\B. (Perpetual American Options)\Debug\B. (Perpetual American Options).lib" /MACHINE:X86 Debug\AmericanOption.obj
         Debug\AmericanOptionCall.obj
         Debug\AmericanOptionPut.obj
         Debug\Main.obj
         B. (Perpetual American Options).vcxproj -> C:\Users\ENIAK\Documents\Visual Studio 2015\Projects\Level 9\GroupB\B. (Perpetual American Options)\Debug\B. (Perpetual American Options).exe
     1>Done Building Project "C:\Users\ENIAK\Documents\Visual Studio 2015\Projects\Level 9\GroupB\B. (Perpetual American Options)\B. (Perpetual American Options)\B. (Perpetual American Options).vcxproj" (Build target(s)).

Build succeeded.

Time Elapsed 00:00:02.87
